f:\pjsip\video\pjproject-2.7.1\pjsip\lib\pjsip-simple-i386-win32-vc14-debug.bsc
f:\pjsip\video\pjproject-2.7.1\pjsip\build\output\pjsip_simple-i386-win32-vc14-debug\pjsip_simple.pdb
f:\pjsip\video\pjproject-2.7.1\pjsip\build\output\pjsip_simple-i386-win32-vc14-debug\errno.sbr
f:\pjsip\video\pjproject-2.7.1\pjsip\build\output\pjsip_simple-i386-win32-vc14-debug\evsub.sbr
f:\pjsip\video\pjproject-2.7.1\pjsip\build\output\pjsip_simple-i386-win32-vc14-debug\evsub_msg.sbr
f:\pjsip\video\pjproject-2.7.1\pjsip\build\output\pjsip_simple-i386-win32-vc14-debug\iscomposing.sbr
f:\pjsip\video\pjproject-2.7.1\pjsip\build\output\pjsip_simple-i386-win32-vc14-debug\mwi.sbr
f:\pjsip\video\pjproject-2.7.1\pjsip\build\output\pjsip_simple-i386-win32-vc14-debug\pidf.sbr
f:\pjsip\video\pjproject-2.7.1\pjsip\build\output\pjsip_simple-i386-win32-vc14-debug\presence.sbr
f:\pjsip\video\pjproject-2.7.1\pjsip\build\output\pjsip_simple-i386-win32-vc14-debug\presence_body.sbr
f:\pjsip\video\pjproject-2.7.1\pjsip\build\output\pjsip_simple-i386-win32-vc14-debug\publishc.sbr
f:\pjsip\video\pjproject-2.7.1\pjsip\build\output\pjsip_simple-i386-win32-vc14-debug\rpid.sbr
f:\pjsip\video\pjproject-2.7.1\pjsip\build\output\pjsip_simple-i386-win32-vc14-debug\xpidf.sbr
f:\pjsip\video\pjproject-2.7.1\pjsip\build\output\pjsip_simple-i386-win32-vc14-debug\xpidf.obj
f:\pjsip\video\pjproject-2.7.1\pjsip\build\output\pjsip_simple-i386-win32-vc14-debug\rpid.obj
f:\pjsip\video\pjproject-2.7.1\pjsip\build\output\pjsip_simple-i386-win32-vc14-debug\publishc.obj
f:\pjsip\video\pjproject-2.7.1\pjsip\build\output\pjsip_simple-i386-win32-vc14-debug\presence_body.obj
f:\pjsip\video\pjproject-2.7.1\pjsip\build\output\pjsip_simple-i386-win32-vc14-debug\presence.obj
f:\pjsip\video\pjproject-2.7.1\pjsip\build\output\pjsip_simple-i386-win32-vc14-debug\pidf.obj
f:\pjsip\video\pjproject-2.7.1\pjsip\build\output\pjsip_simple-i386-win32-vc14-debug\mwi.obj
f:\pjsip\video\pjproject-2.7.1\pjsip\build\output\pjsip_simple-i386-win32-vc14-debug\iscomposing.obj
f:\pjsip\video\pjproject-2.7.1\pjsip\build\output\pjsip_simple-i386-win32-vc14-debug\evsub_msg.obj
f:\pjsip\video\pjproject-2.7.1\pjsip\build\output\pjsip_simple-i386-win32-vc14-debug\evsub.obj
f:\pjsip\video\pjproject-2.7.1\pjsip\build\output\pjsip_simple-i386-win32-vc14-debug\errno.obj
f:\pjsip\video\pjproject-2.7.1\pjsip\lib\pjsip-simple-i386-win32-vc14-debug.lib
f:\pjsip\video\pjproject-2.7.1\pjsip\build\..\lib\pjsip-simple-i386-win32-vc14-debug.lib
f:\pjsip\video\pjproject-2.7.1\pjsip\build\output\pjsip_simple-i386-win32-vc14-debug\pjsip_simple.tlog\bscmake.command.1.tlog
f:\pjsip\video\pjproject-2.7.1\pjsip\build\output\pjsip_simple-i386-win32-vc14-debug\pjsip_simple.tlog\bscmake.read.1.tlog
f:\pjsip\video\pjproject-2.7.1\pjsip\build\output\pjsip_simple-i386-win32-vc14-debug\pjsip_simple.tlog\bscmake.write.1.tlog
f:\pjsip\video\pjproject-2.7.1\pjsip\build\output\pjsip_simple-i386-win32-vc14-debug\pjsip_simple.tlog\cl.command.1.tlog
f:\pjsip\video\pjproject-2.7.1\pjsip\build\output\pjsip_simple-i386-win32-vc14-debug\pjsip_simple.tlog\cl.read.1.tlog
f:\pjsip\video\pjproject-2.7.1\pjsip\build\output\pjsip_simple-i386-win32-vc14-debug\pjsip_simple.tlog\cl.write.1.tlog
f:\pjsip\video\pjproject-2.7.1\pjsip\build\output\pjsip_simple-i386-win32-vc14-debug\pjsip_simple.tlog\lib-link.read.1.tlog
f:\pjsip\video\pjproject-2.7.1\pjsip\build\output\pjsip_simple-i386-win32-vc14-debug\pjsip_simple.tlog\lib-link.write.1.tlog
f:\pjsip\video\pjproject-2.7.1\pjsip\build\output\pjsip_simple-i386-win32-vc14-debug\pjsip_simple.tlog\lib.command.1.tlog
