f:\pjsip\video\pjproject-2.7.1\pjsip\lib\pjsua-lib-i386-win32-vc14-debug.bsc
f:\pjsip\video\pjproject-2.7.1\pjsip\build\output\pjsua_lib-i386-win32-vc14-debug\pjsua_lib.pdb
f:\pjsip\video\pjproject-2.7.1\pjsip\build\output\pjsua_lib-i386-win32-vc14-debug\pjsua_acc.sbr
f:\pjsip\video\pjproject-2.7.1\pjsip\build\output\pjsua_lib-i386-win32-vc14-debug\pjsua_aud.sbr
f:\pjsip\video\pjproject-2.7.1\pjsip\build\output\pjsua_lib-i386-win32-vc14-debug\pjsua_call.sbr
f:\pjsip\video\pjproject-2.7.1\pjsip\build\output\pjsua_lib-i386-win32-vc14-debug\pjsua_core.sbr
f:\pjsip\video\pjproject-2.7.1\pjsip\build\output\pjsua_lib-i386-win32-vc14-debug\pjsua_dump.sbr
f:\pjsip\video\pjproject-2.7.1\pjsip\build\output\pjsua_lib-i386-win32-vc14-debug\pjsua_im.sbr
f:\pjsip\video\pjproject-2.7.1\pjsip\build\output\pjsua_lib-i386-win32-vc14-debug\pjsua_media.sbr
f:\pjsip\video\pjproject-2.7.1\pjsip\build\output\pjsua_lib-i386-win32-vc14-debug\pjsua_pres.sbr
f:\pjsip\video\pjproject-2.7.1\pjsip\build\output\pjsua_lib-i386-win32-vc14-debug\pjsua_vid.sbr
f:\pjsip\video\pjproject-2.7.1\pjsip\build\output\pjsua_lib-i386-win32-vc14-debug\pjsua_vid.obj
f:\pjsip\video\pjproject-2.7.1\pjsip\build\output\pjsua_lib-i386-win32-vc14-debug\pjsua_pres.obj
f:\pjsip\video\pjproject-2.7.1\pjsip\build\output\pjsua_lib-i386-win32-vc14-debug\pjsua_media.obj
f:\pjsip\video\pjproject-2.7.1\pjsip\build\output\pjsua_lib-i386-win32-vc14-debug\pjsua_im.obj
f:\pjsip\video\pjproject-2.7.1\pjsip\build\output\pjsua_lib-i386-win32-vc14-debug\pjsua_dump.obj
f:\pjsip\video\pjproject-2.7.1\pjsip\build\output\pjsua_lib-i386-win32-vc14-debug\pjsua_core.obj
f:\pjsip\video\pjproject-2.7.1\pjsip\build\output\pjsua_lib-i386-win32-vc14-debug\pjsua_call.obj
f:\pjsip\video\pjproject-2.7.1\pjsip\build\output\pjsua_lib-i386-win32-vc14-debug\pjsua_aud.obj
f:\pjsip\video\pjproject-2.7.1\pjsip\build\output\pjsua_lib-i386-win32-vc14-debug\pjsua_acc.obj
f:\pjsip\video\pjproject-2.7.1\pjsip\lib\pjsua-lib-i386-win32-vc14-debug.lib
f:\pjsip\video\pjproject-2.7.1\pjsip\build\..\lib\pjsua-lib-i386-win32-vc14-debug.lib
f:\pjsip\video\pjproject-2.7.1\pjsip\build\output\pjsua_lib-i386-win32-vc14-debug\pjsua_lib.tlog\bscmake.command.1.tlog
f:\pjsip\video\pjproject-2.7.1\pjsip\build\output\pjsua_lib-i386-win32-vc14-debug\pjsua_lib.tlog\bscmake.read.1.tlog
f:\pjsip\video\pjproject-2.7.1\pjsip\build\output\pjsua_lib-i386-win32-vc14-debug\pjsua_lib.tlog\bscmake.write.1.tlog
f:\pjsip\video\pjproject-2.7.1\pjsip\build\output\pjsua_lib-i386-win32-vc14-debug\pjsua_lib.tlog\cl.command.1.tlog
f:\pjsip\video\pjproject-2.7.1\pjsip\build\output\pjsua_lib-i386-win32-vc14-debug\pjsua_lib.tlog\cl.read.1.tlog
f:\pjsip\video\pjproject-2.7.1\pjsip\build\output\pjsua_lib-i386-win32-vc14-debug\pjsua_lib.tlog\cl.write.1.tlog
f:\pjsip\video\pjproject-2.7.1\pjsip\build\output\pjsua_lib-i386-win32-vc14-debug\pjsua_lib.tlog\lib-link.read.1.tlog
f:\pjsip\video\pjproject-2.7.1\pjsip\build\output\pjsua_lib-i386-win32-vc14-debug\pjsua_lib.tlog\lib-link.write.1.tlog
f:\pjsip\video\pjproject-2.7.1\pjsip\build\output\pjsua_lib-i386-win32-vc14-debug\pjsua_lib.tlog\lib.command.1.tlog
