f:\pjsip\video\pjproject-2.7.1\pjsip\lib\pjsip-core-i386-win32-vc14-debug.bsc
f:\pjsip\video\pjproject-2.7.1\pjsip\build\output\pjsip_core-i386-win32-vc14-debug\pjsip_core.pdb
f:\pjsip\video\pjproject-2.7.1\pjsip\build\output\pjsip_core-i386-win32-vc14-debug\sip_auth_aka.sbr
f:\pjsip\video\pjproject-2.7.1\pjsip\build\output\pjsip_core-i386-win32-vc14-debug\sip_auth_client.sbr
f:\pjsip\video\pjproject-2.7.1\pjsip\build\output\pjsip_core-i386-win32-vc14-debug\sip_auth_msg.sbr
f:\pjsip\video\pjproject-2.7.1\pjsip\build\output\pjsip_core-i386-win32-vc14-debug\sip_auth_parser.sbr
f:\pjsip\video\pjproject-2.7.1\pjsip\build\output\pjsip_core-i386-win32-vc14-debug\sip_auth_server.sbr
f:\pjsip\video\pjproject-2.7.1\pjsip\build\output\pjsip_core-i386-win32-vc14-debug\sip_config.sbr
f:\pjsip\video\pjproject-2.7.1\pjsip\build\output\pjsip_core-i386-win32-vc14-debug\sip_dialog.sbr
f:\pjsip\video\pjproject-2.7.1\pjsip\build\output\pjsip_core-i386-win32-vc14-debug\sip_endpoint.sbr
f:\pjsip\video\pjproject-2.7.1\pjsip\build\output\pjsip_core-i386-win32-vc14-debug\sip_errno.sbr
f:\pjsip\video\pjproject-2.7.1\pjsip\build\output\pjsip_core-i386-win32-vc14-debug\sip_msg.sbr
f:\pjsip\video\pjproject-2.7.1\pjsip\build\output\pjsip_core-i386-win32-vc14-debug\sip_multipart.sbr
f:\pjsip\video\pjproject-2.7.1\pjsip\build\output\pjsip_core-i386-win32-vc14-debug\sip_parser.sbr
f:\pjsip\video\pjproject-2.7.1\pjsip\build\output\pjsip_core-i386-win32-vc14-debug\sip_resolve.sbr
f:\pjsip\video\pjproject-2.7.1\pjsip\build\output\pjsip_core-i386-win32-vc14-debug\sip_tel_uri.sbr
f:\pjsip\video\pjproject-2.7.1\pjsip\build\output\pjsip_core-i386-win32-vc14-debug\sip_transaction.sbr
f:\pjsip\video\pjproject-2.7.1\pjsip\build\output\pjsip_core-i386-win32-vc14-debug\sip_transport.sbr
f:\pjsip\video\pjproject-2.7.1\pjsip\build\output\pjsip_core-i386-win32-vc14-debug\sip_transport_loop.sbr
f:\pjsip\video\pjproject-2.7.1\pjsip\build\output\pjsip_core-i386-win32-vc14-debug\sip_transport_tcp.sbr
f:\pjsip\video\pjproject-2.7.1\pjsip\build\output\pjsip_core-i386-win32-vc14-debug\sip_transport_tls.sbr
f:\pjsip\video\pjproject-2.7.1\pjsip\build\output\pjsip_core-i386-win32-vc14-debug\sip_transport_udp.sbr
f:\pjsip\video\pjproject-2.7.1\pjsip\build\output\pjsip_core-i386-win32-vc14-debug\sip_transport_udp.obj
f:\pjsip\video\pjproject-2.7.1\pjsip\build\output\pjsip_core-i386-win32-vc14-debug\sip_transport_tls.obj
f:\pjsip\video\pjproject-2.7.1\pjsip\build\output\pjsip_core-i386-win32-vc14-debug\sip_transport_tcp.obj
f:\pjsip\video\pjproject-2.7.1\pjsip\build\output\pjsip_core-i386-win32-vc14-debug\sip_transport_loop.obj
f:\pjsip\video\pjproject-2.7.1\pjsip\build\output\pjsip_core-i386-win32-vc14-debug\sip_transport.obj
f:\pjsip\video\pjproject-2.7.1\pjsip\build\output\pjsip_core-i386-win32-vc14-debug\sip_transaction.obj
f:\pjsip\video\pjproject-2.7.1\pjsip\build\output\pjsip_core-i386-win32-vc14-debug\sip_tel_uri.obj
f:\pjsip\video\pjproject-2.7.1\pjsip\build\output\pjsip_core-i386-win32-vc14-debug\sip_resolve.obj
f:\pjsip\video\pjproject-2.7.1\pjsip\build\output\pjsip_core-i386-win32-vc14-debug\sip_parser.obj
f:\pjsip\video\pjproject-2.7.1\pjsip\build\output\pjsip_core-i386-win32-vc14-debug\sip_multipart.obj
f:\pjsip\video\pjproject-2.7.1\pjsip\build\output\pjsip_core-i386-win32-vc14-debug\sip_msg.obj
f:\pjsip\video\pjproject-2.7.1\pjsip\build\output\pjsip_core-i386-win32-vc14-debug\sip_errno.obj
f:\pjsip\video\pjproject-2.7.1\pjsip\build\output\pjsip_core-i386-win32-vc14-debug\sip_endpoint.obj
f:\pjsip\video\pjproject-2.7.1\pjsip\build\output\pjsip_core-i386-win32-vc14-debug\sip_dialog.obj
f:\pjsip\video\pjproject-2.7.1\pjsip\build\output\pjsip_core-i386-win32-vc14-debug\sip_config.obj
f:\pjsip\video\pjproject-2.7.1\pjsip\build\output\pjsip_core-i386-win32-vc14-debug\sip_auth_server.obj
f:\pjsip\video\pjproject-2.7.1\pjsip\build\output\pjsip_core-i386-win32-vc14-debug\sip_auth_parser.obj
f:\pjsip\video\pjproject-2.7.1\pjsip\build\output\pjsip_core-i386-win32-vc14-debug\sip_auth_msg.obj
f:\pjsip\video\pjproject-2.7.1\pjsip\build\output\pjsip_core-i386-win32-vc14-debug\sip_auth_client.obj
f:\pjsip\video\pjproject-2.7.1\pjsip\build\output\pjsip_core-i386-win32-vc14-debug\sip_auth_aka.obj
f:\pjsip\video\pjproject-2.7.1\pjsip\build\output\pjsip_core-i386-win32-vc14-debug\sip_ua_layer.sbr
f:\pjsip\video\pjproject-2.7.1\pjsip\build\output\pjsip_core-i386-win32-vc14-debug\sip_uri.sbr
f:\pjsip\video\pjproject-2.7.1\pjsip\build\output\pjsip_core-i386-win32-vc14-debug\sip_util.sbr
f:\pjsip\video\pjproject-2.7.1\pjsip\build\output\pjsip_core-i386-win32-vc14-debug\sip_util_proxy.sbr
f:\pjsip\video\pjproject-2.7.1\pjsip\build\output\pjsip_core-i386-win32-vc14-debug\sip_util_statefull.sbr
f:\pjsip\video\pjproject-2.7.1\pjsip\build\output\pjsip_core-i386-win32-vc14-debug\sip_util_statefull.obj
f:\pjsip\video\pjproject-2.7.1\pjsip\build\output\pjsip_core-i386-win32-vc14-debug\sip_util_proxy.obj
f:\pjsip\video\pjproject-2.7.1\pjsip\build\output\pjsip_core-i386-win32-vc14-debug\sip_util.obj
f:\pjsip\video\pjproject-2.7.1\pjsip\build\output\pjsip_core-i386-win32-vc14-debug\sip_uri.obj
f:\pjsip\video\pjproject-2.7.1\pjsip\build\output\pjsip_core-i386-win32-vc14-debug\sip_ua_layer.obj
f:\pjsip\video\pjproject-2.7.1\pjsip\lib\pjsip-core-i386-win32-vc14-debug.lib
f:\pjsip\video\pjproject-2.7.1\pjsip\build\..\lib\pjsip-core-i386-win32-vc14-debug.lib
f:\pjsip\video\pjproject-2.7.1\pjsip\build\output\pjsip_core-i386-win32-vc14-debug\pjsip_core.tlog\bscmake.command.1.tlog
f:\pjsip\video\pjproject-2.7.1\pjsip\build\output\pjsip_core-i386-win32-vc14-debug\pjsip_core.tlog\bscmake.read.1.tlog
f:\pjsip\video\pjproject-2.7.1\pjsip\build\output\pjsip_core-i386-win32-vc14-debug\pjsip_core.tlog\bscmake.write.1.tlog
f:\pjsip\video\pjproject-2.7.1\pjsip\build\output\pjsip_core-i386-win32-vc14-debug\pjsip_core.tlog\cl.command.1.tlog
f:\pjsip\video\pjproject-2.7.1\pjsip\build\output\pjsip_core-i386-win32-vc14-debug\pjsip_core.tlog\cl.read.1.tlog
f:\pjsip\video\pjproject-2.7.1\pjsip\build\output\pjsip_core-i386-win32-vc14-debug\pjsip_core.tlog\cl.write.1.tlog
f:\pjsip\video\pjproject-2.7.1\pjsip\build\output\pjsip_core-i386-win32-vc14-debug\pjsip_core.tlog\lib-link.read.1.tlog
f:\pjsip\video\pjproject-2.7.1\pjsip\build\output\pjsip_core-i386-win32-vc14-debug\pjsip_core.tlog\lib-link.write.1.tlog
f:\pjsip\video\pjproject-2.7.1\pjsip\build\output\pjsip_core-i386-win32-vc14-debug\pjsip_core.tlog\lib.command.1.tlog
