f:\pjsip\video\pjproject-2.7.1\pjsip\lib\pjsua2-lib-i386-win32-vc14-debug.bsc
f:\pjsip\video\pjproject-2.7.1\pjsip\build\output\pjsua2_lib-i386-win32-vc14-debug\pjsua2_lib.pdb
f:\pjsip\video\pjproject-2.7.1\pjsip\build\output\pjsua2_lib-i386-win32-vc14-debug\account.sbr
f:\pjsip\video\pjproject-2.7.1\pjsip\build\output\pjsua2_lib-i386-win32-vc14-debug\call.sbr
f:\pjsip\video\pjproject-2.7.1\pjsip\build\output\pjsua2_lib-i386-win32-vc14-debug\endpoint.sbr
f:\pjsip\video\pjproject-2.7.1\pjsip\build\output\pjsua2_lib-i386-win32-vc14-debug\json.sbr
f:\pjsip\video\pjproject-2.7.1\pjsip\build\output\pjsua2_lib-i386-win32-vc14-debug\media.sbr
f:\pjsip\video\pjproject-2.7.1\pjsip\build\output\pjsua2_lib-i386-win32-vc14-debug\persistent.sbr
f:\pjsip\video\pjproject-2.7.1\pjsip\build\output\pjsua2_lib-i386-win32-vc14-debug\presence.sbr
f:\pjsip\video\pjproject-2.7.1\pjsip\build\output\pjsua2_lib-i386-win32-vc14-debug\siptypes.sbr
f:\pjsip\video\pjproject-2.7.1\pjsip\build\output\pjsua2_lib-i386-win32-vc14-debug\types.sbr
f:\pjsip\video\pjproject-2.7.1\pjsip\build\output\pjsua2_lib-i386-win32-vc14-debug\types.obj
f:\pjsip\video\pjproject-2.7.1\pjsip\build\output\pjsua2_lib-i386-win32-vc14-debug\siptypes.obj
f:\pjsip\video\pjproject-2.7.1\pjsip\build\output\pjsua2_lib-i386-win32-vc14-debug\presence.obj
f:\pjsip\video\pjproject-2.7.1\pjsip\build\output\pjsua2_lib-i386-win32-vc14-debug\persistent.obj
f:\pjsip\video\pjproject-2.7.1\pjsip\build\output\pjsua2_lib-i386-win32-vc14-debug\media.obj
f:\pjsip\video\pjproject-2.7.1\pjsip\build\output\pjsua2_lib-i386-win32-vc14-debug\json.obj
f:\pjsip\video\pjproject-2.7.1\pjsip\build\output\pjsua2_lib-i386-win32-vc14-debug\endpoint.obj
f:\pjsip\video\pjproject-2.7.1\pjsip\build\output\pjsua2_lib-i386-win32-vc14-debug\call.obj
f:\pjsip\video\pjproject-2.7.1\pjsip\build\output\pjsua2_lib-i386-win32-vc14-debug\account.obj
f:\pjsip\video\pjproject-2.7.1\pjsip\lib\pjsua2-lib-i386-win32-vc14-debug.lib
f:\pjsip\video\pjproject-2.7.1\pjsip\build\..\lib\pjsua2-lib-i386-win32-vc14-debug.lib
f:\pjsip\video\pjproject-2.7.1\pjsip\build\output\pjsua2_lib-i386-win32-vc14-debug\pjsua2_lib.tlog\bscmake.command.1.tlog
f:\pjsip\video\pjproject-2.7.1\pjsip\build\output\pjsua2_lib-i386-win32-vc14-debug\pjsua2_lib.tlog\bscmake.read.1.tlog
f:\pjsip\video\pjproject-2.7.1\pjsip\build\output\pjsua2_lib-i386-win32-vc14-debug\pjsua2_lib.tlog\bscmake.write.1.tlog
f:\pjsip\video\pjproject-2.7.1\pjsip\build\output\pjsua2_lib-i386-win32-vc14-debug\pjsua2_lib.tlog\cl.command.1.tlog
f:\pjsip\video\pjproject-2.7.1\pjsip\build\output\pjsua2_lib-i386-win32-vc14-debug\pjsua2_lib.tlog\cl.read.1.tlog
f:\pjsip\video\pjproject-2.7.1\pjsip\build\output\pjsua2_lib-i386-win32-vc14-debug\pjsua2_lib.tlog\cl.write.1.tlog
f:\pjsip\video\pjproject-2.7.1\pjsip\build\output\pjsua2_lib-i386-win32-vc14-debug\pjsua2_lib.tlog\lib-link.read.1.tlog
f:\pjsip\video\pjproject-2.7.1\pjsip\build\output\pjsua2_lib-i386-win32-vc14-debug\pjsua2_lib.tlog\lib-link.write.1.tlog
f:\pjsip\video\pjproject-2.7.1\pjsip\build\output\pjsua2_lib-i386-win32-vc14-debug\pjsua2_lib.tlog\lib.command.1.tlog
