f:\pjsip\video\pjproject-2.7.1\pjsip\lib\pjsip-ua-i386-win32-vc14-debug.bsc
f:\pjsip\video\pjproject-2.7.1\pjsip\build\output\pjsip_ua-i386-win32-vc14-debug\pjsip_ua.pdb
f:\pjsip\video\pjproject-2.7.1\pjsip\build\output\pjsip_ua-i386-win32-vc14-debug\sip_100rel.sbr
f:\pjsip\video\pjproject-2.7.1\pjsip\build\output\pjsip_ua-i386-win32-vc14-debug\sip_inv.sbr
f:\pjsip\video\pjproject-2.7.1\pjsip\build\output\pjsip_ua-i386-win32-vc14-debug\sip_reg.sbr
f:\pjsip\video\pjproject-2.7.1\pjsip\build\output\pjsip_ua-i386-win32-vc14-debug\sip_replaces.sbr
f:\pjsip\video\pjproject-2.7.1\pjsip\build\output\pjsip_ua-i386-win32-vc14-debug\sip_timer.sbr
f:\pjsip\video\pjproject-2.7.1\pjsip\build\output\pjsip_ua-i386-win32-vc14-debug\sip_xfer.sbr
f:\pjsip\video\pjproject-2.7.1\pjsip\build\output\pjsip_ua-i386-win32-vc14-debug\sip_xfer.obj
f:\pjsip\video\pjproject-2.7.1\pjsip\build\output\pjsip_ua-i386-win32-vc14-debug\sip_timer.obj
f:\pjsip\video\pjproject-2.7.1\pjsip\build\output\pjsip_ua-i386-win32-vc14-debug\sip_replaces.obj
f:\pjsip\video\pjproject-2.7.1\pjsip\build\output\pjsip_ua-i386-win32-vc14-debug\sip_reg.obj
f:\pjsip\video\pjproject-2.7.1\pjsip\build\output\pjsip_ua-i386-win32-vc14-debug\sip_inv.obj
f:\pjsip\video\pjproject-2.7.1\pjsip\build\output\pjsip_ua-i386-win32-vc14-debug\sip_100rel.obj
f:\pjsip\video\pjproject-2.7.1\pjsip\lib\pjsip-ua-i386-win32-vc14-debug.lib
f:\pjsip\video\pjproject-2.7.1\pjsip\build\..\lib\pjsip-ua-i386-win32-vc14-debug.lib
f:\pjsip\video\pjproject-2.7.1\pjsip\build\output\pjsip_ua-i386-win32-vc14-debug\pjsip_ua.tlog\bscmake.command.1.tlog
f:\pjsip\video\pjproject-2.7.1\pjsip\build\output\pjsip_ua-i386-win32-vc14-debug\pjsip_ua.tlog\bscmake.read.1.tlog
f:\pjsip\video\pjproject-2.7.1\pjsip\build\output\pjsip_ua-i386-win32-vc14-debug\pjsip_ua.tlog\bscmake.write.1.tlog
f:\pjsip\video\pjproject-2.7.1\pjsip\build\output\pjsip_ua-i386-win32-vc14-debug\pjsip_ua.tlog\cl.command.1.tlog
f:\pjsip\video\pjproject-2.7.1\pjsip\build\output\pjsip_ua-i386-win32-vc14-debug\pjsip_ua.tlog\cl.read.1.tlog
f:\pjsip\video\pjproject-2.7.1\pjsip\build\output\pjsip_ua-i386-win32-vc14-debug\pjsip_ua.tlog\cl.write.1.tlog
f:\pjsip\video\pjproject-2.7.1\pjsip\build\output\pjsip_ua-i386-win32-vc14-debug\pjsip_ua.tlog\lib-link.read.1.tlog
f:\pjsip\video\pjproject-2.7.1\pjsip\build\output\pjsip_ua-i386-win32-vc14-debug\pjsip_ua.tlog\lib-link.write.1.tlog
f:\pjsip\video\pjproject-2.7.1\pjsip\build\output\pjsip_ua-i386-win32-vc14-debug\pjsip_ua.tlog\lib.command.1.tlog
